mode: set
github.com/tiago-g-sales/temp-cep/cmd/main.go:12.12,15.16 2 0
github.com/tiago-g-sales/temp-cep/cmd/main.go:15.16,16.13 1 0
github.com/tiago-g-sales/temp-cep/cmd/main.go:19.2,20.49 2 0
github.com/tiago-g-sales/temp-cep/configs/config.go:10.45,18.16 8 0
github.com/tiago-g-sales/temp-cep/configs/config.go:18.16,19.13 1 0
github.com/tiago-g-sales/temp-cep/configs/config.go:21.2,22.16 2 0
github.com/tiago-g-sales/temp-cep/configs/config.go:22.16,23.13 1 0
github.com/tiago-g-sales/temp-cep/configs/config.go:25.2,25.17 1 0
github.com/tiago-g-sales/temp-cep/configs/config.go:10.45,18.16 8 0
github.com/tiago-g-sales/temp-cep/configs/config.go:18.16,19.13 1 0
github.com/tiago-g-sales/temp-cep/configs/config.go:21.2,22.16 2 0
github.com/tiago-g-sales/temp-cep/configs/config.go:22.16,23.13 1 0
github.com/tiago-g-sales/temp-cep/configs/config.go:25.2,25.17 1 0
github.com/tiago-g-sales/temp-cep/internal/handler/FindTempByCepHandler.go:18.68,19.22 1 1
github.com/tiago-g-sales/temp-cep/internal/handler/FindTempByCepHandler.go:19.22,22.3 2 0
github.com/tiago-g-sales/temp-cep/internal/handler/FindTempByCepHandler.go:23.2,24.19 2 1
github.com/tiago-g-sales/temp-cep/internal/handler/FindTempByCepHandler.go:24.19,27.3 2 0
github.com/tiago-g-sales/temp-cep/internal/handler/FindTempByCepHandler.go:29.2,29.67 1 1
github.com/tiago-g-sales/temp-cep/internal/handler/FindTempByCepHandler.go:29.67,33.3 3 1
github.com/tiago-g-sales/temp-cep/internal/handler/FindTempByCepHandler.go:35.2,38.15 3 0
github.com/tiago-g-sales/temp-cep/internal/handler/FindTempByCepHandler.go:38.15,42.3 3 0
github.com/tiago-g-sales/temp-cep/internal/handler/FindTempByCepHandler.go:44.3,47.15 3 0
github.com/tiago-g-sales/temp-cep/internal/handler/FindTempByCepHandler.go:47.15,50.3 2 0
github.com/tiago-g-sales/temp-cep/internal/handler/FindTempByCepHandler.go:52.2,54.33 3 0
github.com/tiago-g-sales/temp-cep/internal/mocks/mock_client.go:12.40,14.3 1 0
github.com/tiago-g-sales/temp-cep/internal/mocks/mock_client.go:17.42,19.3 1 0
github.com/tiago-g-sales/temp-cep/internal/mocks/mock_client.go:23.67,26.27 2 1
github.com/tiago-g-sales/temp-cep/internal/mocks/mock_client.go:26.27,28.6 1 1
github.com/tiago-g-sales/temp-cep/internal/mocks/mock_client.go:29.5,29.54 1 1
github.com/tiago-g-sales/temp-cep/internal/mocks/mock_client.go:32.74,35.27 2 1
github.com/tiago-g-sales/temp-cep/internal/mocks/mock_client.go:35.27,37.6 1 1
github.com/tiago-g-sales/temp-cep/internal/mocks/mock_client.go:38.5,38.59 1 1
github.com/tiago-g-sales/temp-cep/pkg/utils.go:14.47,17.14 3 1
github.com/tiago-g-sales/temp-cep/pkg/utils.go:17.14,19.3 1 0
github.com/tiago-g-sales/temp-cep/pkg/utils.go:20.2,20.20 1 1
github.com/tiago-g-sales/temp-cep/pkg/utils.go:24.51,29.2 2 1
github.com/tiago-g-sales/temp-cep/pkg/utils.go:31.48,37.2 2 1
github.com/tiago-g-sales/temp-cep/configs/config.go:10.45,18.16 8 0
github.com/tiago-g-sales/temp-cep/configs/config.go:18.16,19.13 1 0
github.com/tiago-g-sales/temp-cep/configs/config.go:21.2,22.16 2 0
github.com/tiago-g-sales/temp-cep/configs/config.go:22.16,23.13 1 0
github.com/tiago-g-sales/temp-cep/configs/config.go:25.2,25.17 1 0
github.com/tiago-g-sales/temp-cep/internal/usecase/find_cep.go:33.54,35.2 1 1
github.com/tiago-g-sales/temp-cep/internal/usecase/find_cep.go:38.65,41.15 2 1
github.com/tiago-g-sales/temp-cep/internal/usecase/find_cep.go:41.15,43.3 1 0
github.com/tiago-g-sales/temp-cep/internal/usecase/find_cep.go:44.2,46.15 3 1
github.com/tiago-g-sales/temp-cep/internal/usecase/find_cep.go:46.15,48.3 1 0
github.com/tiago-g-sales/temp-cep/internal/usecase/find_cep.go:50.2,52.15 3 1
github.com/tiago-g-sales/temp-cep/internal/usecase/find_cep.go:52.15,54.3 1 1
github.com/tiago-g-sales/temp-cep/internal/usecase/find_cep.go:56.2,56.16 1 1
github.com/tiago-g-sales/temp-cep/internal/usecase/find_temp.go:23.62,25.2 1 1
github.com/tiago-g-sales/temp-cep/internal/usecase/find_temp.go:28.75,31.16 2 0
github.com/tiago-g-sales/temp-cep/internal/usecase/find_temp.go:31.16,33.3 1 0
github.com/tiago-g-sales/temp-cep/internal/usecase/find_temp.go:35.2,38.16 3 0
github.com/tiago-g-sales/temp-cep/internal/usecase/find_temp.go:38.16,40.3 1 0
github.com/tiago-g-sales/temp-cep/internal/usecase/find_temp.go:41.2,46.16 4 0
github.com/tiago-g-sales/temp-cep/internal/usecase/find_temp.go:46.16,47.13 1 0
github.com/tiago-g-sales/temp-cep/internal/usecase/find_temp.go:50.2,51.16 2 0
github.com/tiago-g-sales/temp-cep/internal/usecase/find_temp.go:51.16,52.13 1 0
github.com/tiago-g-sales/temp-cep/internal/usecase/find_temp.go:55.2,60.19 4 0
